<?xml version="1.0" encoding="UTF-8"?>
<!-- Generated by org.testng.reporters.JUnitXMLReporter -->
<testsuite ignored="0" hostname="DESKTOP-CNAG3N6" failures="0" tests="2" name="Default test" time="10.092" errors="0" timestamp="2023-03-15T20:55:09 IST">
  <testcase classname="Com.itview.testcases.practice.Selenium_testing_test_practice.HardTestTest" name="HardAssertTest" time="3.127"/>
  <testcase classname="Com.itview.testcases.practice.Selenium_testing_test_practice.HardTestTest" name="HardAssertTest_SignOut" time="1.666"/>
</testsuite> <!-- Default test -->
