<?xml version="1.0" encoding="UTF-8"?>
<!-- Generated by org.testng.reporters.JUnitXMLReporter -->
<testsuite ignored="0" hostname="DESKTOP-CNAG3N6" failures="0" tests="5" name="Default test" time="19.795" errors="0" timestamp="2023-03-15T23:31:50 IST">
  <testcase classname="Com.itview.testcases.practice.Selenium_testing_test_practice.LoginTestCaseAttribute" name="LoginAdminTest" time="3.853"/>
  <testcase classname="Com.itview.testcases.practice.Selenium_testing_test_practice.LoginTestCaseAttribute" name="LogintuserTest" time="2.965"/>
  <testcase classname="Com.itview.testcases.practice.Selenium_testing_test_practice.LoginTestCaseAttribute" name="LogintuserTest" time="3.278"/>
  <testcase classname="Com.itview.testcases.practice.Selenium_testing_test_practice.LoginTestCaseAttribute" name="LogintuserTest" time="3.068"/>
  <testcase classname="Com.itview.testcases.practice.Selenium_testing_test_practice.LoginTestCaseAttribute" name="LoginInvalidTest" time="1.822"/>
</testsuite> <!-- Default test -->
