<?xml version="1.0" encoding="UTF-8"?>
<!-- Generated by org.testng.reporters.JUnitXMLReporter -->
<testsuite ignored="0" hostname="DESKTOP-CNAG3N6" failures="0" tests="5" name="Test" time="19.123" errors="0" timestamp="2023-03-15T23:36:28 IST">
  <testcase classname="Com.itview.testcases.practice.Selenium_testing_test_practice.LoginTestCaseAttribute" name="LoginAdminTest" time="3.476"/>
  <testcase classname="Com.itview.testcases.practice.Selenium_testing_test_practice.LoginTestCaseAttribute" name="LogintuserTest" time="2.69"/>
  <testcase classname="Com.itview.testcases.practice.Selenium_testing_test_practice.LoginTestCaseAttribute" name="LogintuserTest" time="2.997"/>
  <testcase classname="Com.itview.testcases.practice.Selenium_testing_test_practice.LoginTestCaseAttribute" name="LogintuserTest" time="3.078"/>
  <testcase classname="Com.itview.testcases.practice.Selenium_testing_test_practice.LoginTestCaseAttribute" name="LoginInvalidTest" time="1.707"/>
</testsuite> <!-- Test -->
