<?xml version="1.0" encoding="UTF-8"?>
<!-- Generated by org.testng.reporters.JUnitXMLReporter -->
<testsuite ignored="0" hostname="DESKTOP-CNAG3N6" failures="0" tests="2" name="Test" time="8.944" errors="0" timestamp="2023-03-15T20:56:56 IST">
  <testcase classname="Com.itview.testcases.practice.Selenium_testing_test_practice.HardTestTest" name="HardAssertTest" time="2.487"/>
  <testcase classname="Com.itview.testcases.practice.Selenium_testing_test_practice.HardTestTest" name="HardAssertTest_SignOut" time="1.218"/>
</testsuite> <!-- Test -->
