<?xml version="1.0" encoding="UTF-8"?>
<testng-results ignored="0" total="2" passed="2" failed="0" skipped="0">
  <reporter-output>
  </reporter-output>
  <suite started-at="2023-03-15T20:56:47 IST" name="Suite" finished-at="2023-03-15T20:56:55 IST" duration-ms="8944">
    <groups>
      <group name="LoginModule">
        <method signature="HardTestTest.HardAssertTest()[pri:0, instance:Com.itview.testcases.practice.Selenium_testing_test_practice.HardTestTest@1613674b]" name="HardAssertTest" class="Com.itview.testcases.practice.Selenium_testing_test_practice.HardTestTest"/>
        <method signature="HardTestTest.HardAssertTest_SignOut()[pri:1, instance:Com.itview.testcases.practice.Selenium_testing_test_practice.HardTestTest@1613674b]" name="HardAssertTest_SignOut" class="Com.itview.testcases.practice.Selenium_testing_test_practice.HardTestTest"/>
      </group> <!-- LoginModule -->
    </groups>
    <test started-at="2023-03-15T20:56:47 IST" name="Test" finished-at="2023-03-15T20:56:55 IST" duration-ms="8944">
      <class name="Com.itview.testcases.practice.Selenium_testing_test_practice.HardTestTest">
        <test-method is-config="true" signature="beforeTest()[pri:0, instance:Com.itview.testcases.practice.Selenium_testing_test_practice.HardTestTest@1613674b]" started-at="2023-03-15T20:56:47 IST" name="beforeTest" finished-at="2023-03-15T20:56:51 IST" duration-ms="4287" status="PASS">
          <reporter-output>
          </reporter-output>
        </test-method> <!-- beforeTest -->
        <test-method signature="HardAssertTest()[pri:0, instance:Com.itview.testcases.practice.Selenium_testing_test_practice.HardTestTest@1613674b]" started-at="2023-03-15T20:56:51 IST" name="HardAssertTest" description="Test case to verify login page using &#039;Admin&#039;user" finished-at="2023-03-15T20:56:53 IST" duration-ms="2487" status="PASS">
          <reporter-output>
          </reporter-output>
        </test-method> <!-- HardAssertTest -->
        <test-method signature="HardAssertTest_SignOut()[pri:1, instance:Com.itview.testcases.practice.Selenium_testing_test_practice.HardTestTest@1613674b]" started-at="2023-03-15T20:56:53 IST" name="HardAssertTest_SignOut" description="Test case to verify logout page using &#039;Admin&#039;user" finished-at="2023-03-15T20:56:55 IST" depends-on-methods="Com.itview.testcases.practice.Selenium_testing_test_practice.HardTestTest.HardAssertTest" duration-ms="1218" status="PASS">
          <reporter-output>
          </reporter-output>
        </test-method> <!-- HardAssertTest_SignOut -->
        <test-method is-config="true" signature="afterTest()[pri:0, instance:Com.itview.testcases.practice.Selenium_testing_test_practice.HardTestTest@1613674b]" started-at="2023-03-15T20:56:55 IST" name="afterTest" finished-at="2023-03-15T20:56:55 IST" duration-ms="873" status="PASS">
          <reporter-output>
          </reporter-output>
        </test-method> <!-- afterTest -->
      </class> <!-- Com.itview.testcases.practice.Selenium_testing_test_practice.HardTestTest -->
    </test> <!-- Test -->
  </suite> <!-- Suite -->
</testng-results>
