<?xml version="1.0" encoding="UTF-8"?>
<testng-results ignored="0" total="5" passed="5" failed="0" skipped="0">
  <reporter-output>
  </reporter-output>
  <suite started-at="2023-03-15T23:31:30 IST" name="Default suite" finished-at="2023-03-15T23:31:50 IST" duration-ms="19795">
    <groups>
      <group name="LoginModule">
        <method signature="LoginTestCaseAttribute.LoginAdminTest()[pri:0, instance:Com.itview.testcases.practice.Selenium_testing_test_practice.LoginTestCaseAttribute@51e69659]" name="LoginAdminTest" class="Com.itview.testcases.practice.Selenium_testing_test_practice.LoginTestCaseAttribute"/>
        <method signature="LoginTestCaseAttribute.LoginInvalidTest()[pri:2, instance:Com.itview.testcases.practice.Selenium_testing_test_practice.LoginTestCaseAttribute@51e69659]" name="LoginInvalidTest" class="Com.itview.testcases.practice.Selenium_testing_test_practice.LoginTestCaseAttribute"/>
        <method signature="LoginTestCaseAttribute.LogintuserTest()[pri:1, instance:Com.itview.testcases.practice.Selenium_testing_test_practice.LoginTestCaseAttribute@51e69659]" name="LogintuserTest" class="Com.itview.testcases.practice.Selenium_testing_test_practice.LoginTestCaseAttribute"/>
      </group> <!-- LoginModule -->
    </groups>
    <test started-at="2023-03-15T23:31:30 IST" name="Default test" finished-at="2023-03-15T23:31:50 IST" duration-ms="19795">
      <class name="Com.itview.testcases.practice.Selenium_testing_test_practice.LoginTestCaseAttribute">
        <test-method is-config="true" signature="beforeTest()[pri:0, instance:Com.itview.testcases.practice.Selenium_testing_test_practice.LoginTestCaseAttribute@51e69659]" started-at="2023-03-15T23:31:30 IST" name="beforeTest" finished-at="2023-03-15T23:31:34 IST" duration-ms="3762" status="PASS">
          <reporter-output>
          </reporter-output>
        </test-method> <!-- beforeTest -->
        <test-method signature="LoginAdminTest()[pri:0, instance:Com.itview.testcases.practice.Selenium_testing_test_practice.LoginTestCaseAttribute@51e69659]" started-at="2023-03-15T23:31:34 IST" name="LoginAdminTest" description="Test case to verify Admin credential" finished-at="2023-03-15T23:31:38 IST" duration-ms="3853" status="PASS">
          <reporter-output>
          </reporter-output>
        </test-method> <!-- LoginAdminTest -->
        <test-method signature="LogintuserTest()[pri:1, instance:Com.itview.testcases.practice.Selenium_testing_test_practice.LoginTestCaseAttribute@51e69659]" started-at="2023-03-15T23:31:38 IST" name="LogintuserTest" description="Test case to verify tuser credential" finished-at="2023-03-15T23:31:41 IST" depends-on-methods="Com.itview.testcases.practice.Selenium_testing_test_practice.LoginTestCaseAttribute.LoginAdminTest" duration-ms="2965" status="PASS">
          <reporter-output>
          </reporter-output>
        </test-method> <!-- LogintuserTest -->
        <test-method signature="LogintuserTest()[pri:1, instance:Com.itview.testcases.practice.Selenium_testing_test_practice.LoginTestCaseAttribute@51e69659]" started-at="2023-03-15T23:31:41 IST" name="LogintuserTest" description="Test case to verify tuser credential" finished-at="2023-03-15T23:31:44 IST" depends-on-methods="Com.itview.testcases.practice.Selenium_testing_test_practice.LoginTestCaseAttribute.LoginAdminTest" duration-ms="3278" status="PASS">
          <reporter-output>
          </reporter-output>
        </test-method> <!-- LogintuserTest -->
        <test-method signature="LogintuserTest()[pri:1, instance:Com.itview.testcases.practice.Selenium_testing_test_practice.LoginTestCaseAttribute@51e69659]" started-at="2023-03-15T23:31:44 IST" name="LogintuserTest" description="Test case to verify tuser credential" finished-at="2023-03-15T23:31:47 IST" depends-on-methods="Com.itview.testcases.practice.Selenium_testing_test_practice.LoginTestCaseAttribute.LoginAdminTest" duration-ms="3068" status="PASS">
          <reporter-output>
          </reporter-output>
        </test-method> <!-- LogintuserTest -->
        <test-method signature="LoginInvalidTest()[pri:2, instance:Com.itview.testcases.practice.Selenium_testing_test_practice.LoginTestCaseAttribute@51e69659]" started-at="2023-03-15T23:31:47 IST" name="LoginInvalidTest" description="Test case to verify Invalid credential" finished-at="2023-03-15T23:31:49 IST" depends-on-methods="Com.itview.testcases.practice.Selenium_testing_test_practice.LoginTestCaseAttribute.LoginAdminTest" duration-ms="1822" status="PASS">
          <reporter-output>
          </reporter-output>
        </test-method> <!-- LoginInvalidTest -->
        <test-method is-config="true" signature="afterTest()[pri:0, instance:Com.itview.testcases.practice.Selenium_testing_test_practice.LoginTestCaseAttribute@51e69659]" started-at="2023-03-15T23:31:49 IST" name="afterTest" finished-at="2023-03-15T23:31:50 IST" duration-ms="890" status="PASS">
          <reporter-output>
          </reporter-output>
        </test-method> <!-- afterTest -->
      </class> <!-- Com.itview.testcases.practice.Selenium_testing_test_practice.LoginTestCaseAttribute -->
    </test> <!-- Default test -->
  </suite> <!-- Default suite -->
</testng-results>
